<?xml version="1.0" encoding="UTF-8"?>
<!-- Generated by org.testng.reporters.JUnitReportReporter -->
<testsuite hostname="Gregorys-MBP" name="sandBox.Test1" tests="1" failures="0" timestamp="12 Jul 2017 05:46:48 GMT" time="0.031" errors="0">
  <testcase name="t" time="0.031" classname="sandBox.Test1"/>
</testsuite> <!-- sandBox.Test1 -->
