<?xml version="1.0" encoding="UTF-8"?>
<!-- Generated by org.testng.reporters.JUnitReportReporter -->
<testsuite hostname="Gregorys-MBP" name="tests.Test1" tests="1" failures="0" timestamp="14 Jul 2017 05:28:23 GMT" time="0.025" errors="0">
  <testcase name="t" time="0.025" classname="tests.Test1"/>
</testsuite> <!-- tests.Test1 -->
