<?xml version="1.0" encoding="UTF-8"?>
<!-- Generated by org.testng.reporters.JUnitReportReporter -->
<testsuite skipped="0" hostname="B15246D" name="demo.Test" tests="1" failures="0" timestamp="14 Dec 2016 12:48:01 GMT" time="47.955" errors="0">
  <testcase name="testUntitled" time="47.955" classname="demo.Test"/>
</testsuite> <!-- demo.Test -->
