<?xml version="1.0" encoding="UTF-8"?>
<!-- Generated by org.testng.reporters.JUnitReportReporter -->
<testsuite skipped="0" hostname="B15246D" name="demo.Test" tests="1" failures="0" timestamp="15 Dec 2016 11:16:06 GMT" time="37.481" errors="0">
  <testcase name="testUntitled" time="37.481" classname="demo.Test"/>
</testsuite> <!-- demo.Test -->
