<?xml version="1.0" encoding="UTF-8"?>
<!-- Generated by org.testng.reporters.JUnitReportReporter -->
<testsuite hostname="Gregorys-MBP" name="Guru99TakeScreenshot.Guru99TakeScreenshot" tests="1" failures="0" timestamp="21 Jun 2017 19:56:38 GMT" time="7.415" errors="0">
  <testcase name="testGuru99TakeScreenShot" time="7.415" classname="Guru99TakeScreenshot.Guru99TakeScreenshot"/>
</testsuite> <!-- Guru99TakeScreenshot.Guru99TakeScreenshot -->
