<?xml version="1.0" encoding="UTF-8"?>
<!-- Generated by org.testng.reporters.JUnitReportReporter -->
<testsuite hostname="PC" name="Guru99TakeScreenshot.Guru99TakeScreenshot" tests="1" failures="0" timestamp="11 Jul 2014 07:44:17 GMT" time="6.630" errors="0">
  <testcase name="testGuru99TakeScreenShot" time="6.630" classname="Guru99TakeScreenshot.Guru99TakeScreenshot"/>
</testsuite> <!-- Guru99TakeScreenshot.Guru99TakeScreenshot -->
